<?xml version="1.0" encoding="UTF-8"?>
<!-- Generated by org.testng.reporters.JUnitReportReporter -->
<testsuite hostname="Prabhukrishnan" name="testcases.DEMO.login.E2E02_Verify_User_able_to_Logout_Successfully_from_MRB_After_Login" tests="1" failures="0" timestamp="21 Apr 2021 15:18:57 GMT" time="47.699" errors="0">
  <testcase name="verifyAuthScreen" time="47.699" classname="testcases.DEMO.login.E2E02_Verify_User_able_to_Logout_Successfully_from_MRB_After_Login"/>
</testsuite> <!-- testcases.DEMO.login.E2E02_Verify_User_able_to_Logout_Successfully_from_MRB_After_Login -->
