<?xml version="1.0" encoding="UTF-8"?>
<!-- Generated by org.testng.reporters.JUnitReportReporter -->
<testsuite hostname="Prabhukrishnan" name="testcases.DEMO.admin.login.E2E01_Verify_User_able_to_Login_into_MRB_Admin_Successfully_with_Valid_Credentials" tests="1" failures="0" timestamp="21 Apr 2021 15:08:22 GMT" time="19.020" errors="0">
  <testcase name="verifyAuthScreen" time="19.020" classname="testcases.DEMO.admin.login.E2E01_Verify_User_able_to_Login_into_MRB_Admin_Successfully_with_Valid_Credentials"/>
</testsuite> <!-- testcases.DEMO.admin.login.E2E01_Verify_User_able_to_Login_into_MRB_Admin_Successfully_with_Valid_Credentials -->
