<?xml version="1.0" encoding="UTF-8"?>
<!-- Generated by org.testng.reporters.JUnitReportReporter -->
<testsuite hostname="Prabhukrishnan" name="testcases.DEMO.login.E2E03_Verify_User_able_to_verify_Dashboard_Page_in_MRB" tests="1" failures="0" timestamp="21 Apr 2021 15:18:57 GMT" time="42.925" errors="0">
  <testcase name="verifyAuthScreen" time="42.925" classname="testcases.DEMO.login.E2E03_Verify_User_able_to_verify_Dashboard_Page_in_MRB"/>
</testsuite> <!-- testcases.DEMO.login.E2E03_Verify_User_able_to_verify_Dashboard_Page_in_MRB -->
