<?xml version="1.0" encoding="UTF-8"?>
<!-- Generated by org.testng.reporters.JUnitReportReporter -->
<testsuite hostname="Prabhukrishnan" name="testcases.DEMO.admin.login.E2E02_Verify_User_able_to_Logout_from_MRB_Admin_After_Successful_Login" tests="1" failures="0" timestamp="21 Apr 2021 15:08:22 GMT" time="23.905" errors="0">
  <testcase name="verifyAuthScreen" time="23.905" classname="testcases.DEMO.admin.login.E2E02_Verify_User_able_to_Logout_from_MRB_Admin_After_Successful_Login"/>
</testsuite> <!-- testcases.DEMO.admin.login.E2E02_Verify_User_able_to_Logout_from_MRB_Admin_After_Successful_Login -->
