<?xml version="1.0" encoding="UTF-8"?>
<!-- Generated by org.testng.reporters.JUnitReportReporter -->
<testsuite hostname="Prabhukrishnan" name="testcases.DEMO.login.E2E01_Verify_User_able_to_Login_into_MRB_Successfully_with_Valid_Credentials" tests="1" failures="0" timestamp="21 Apr 2021 15:18:57 GMT" time="44.521" errors="0">
  <testcase name="verifyAuthScreen" time="44.521" classname="testcases.DEMO.login.E2E01_Verify_User_able_to_Login_into_MRB_Successfully_with_Valid_Credentials"/>
</testsuite> <!-- testcases.DEMO.login.E2E01_Verify_User_able_to_Login_into_MRB_Successfully_with_Valid_Credentials -->
