<?xml version="1.0" encoding="UTF-8"?>
<!-- Generated by org.testng.reporters.JUnitReportReporter -->
<testsuite hostname="Prabhukrishnan" name="testcases.DEMO.admin.customerManagement.E2E03_Verify_User_able_to_View_Data_of_the_User_in_Admin" tests="1" failures="0" timestamp="21 Apr 2021 15:08:22 GMT" time="52.051" errors="0">
  <testcase name="verifySuspendScreen" time="52.051" classname="testcases.DEMO.admin.customerManagement.E2E03_Verify_User_able_to_View_Data_of_the_User_in_Admin"/>
</testsuite> <!-- testcases.DEMO.admin.customerManagement.E2E03_Verify_User_able_to_View_Data_of_the_User_in_Admin -->
