<?xml version="1.0" encoding="UTF-8"?>
<!-- Generated by org.testng.reporters.JUnitReportReporter -->
<testsuite hostname="Prabhukrishnan" name="testcases.DEMO.admin.customerManagement.E2E02_Verify_User_able_to_Activate_and_Approve_User_Successfully_in_Admin" tests="2" failures="0" timestamp="21 Apr 2021 15:08:22 GMT" time="113.844" errors="0">
  <testcase name="verifyActivateApproveScreen" time="53.928" classname="testcases.DEMO.admin.customerManagement.E2E02_Verify_User_able_to_Activate_and_Approve_User_Successfully_in_Admin"/>
  <testcase name="verifyActivateScreen" time="59.916" classname="testcases.DEMO.admin.customerManagement.E2E02_Verify_User_able_to_Activate_and_Approve_User_Successfully_in_Admin"/>
</testsuite> <!-- testcases.DEMO.admin.customerManagement.E2E02_Verify_User_able_to_Activate_and_Approve_User_Successfully_in_Admin -->
